Restore logdata: 
FUSE library version: 2.9.9
unique: 2, opcode: INIT (26), nodeid: 0, insize: 56, pid: 0
INIT: 7.32
flags=0x03fffffb
max_readahead=0x00020000
   INIT: 7.19
   flags=0x00000000
   max_readahead=0x00020000
   max_write=0x00020000
   max_background=0
   congestion_threshold=0
   unique: 2, success, outsize: 40
unique: 4, opcode: LOOKUP (1), nodeid: 1, insize: 99, pid: 1260
extent_server: get 1
extent_server: getattr 1
isdir: 1 is a dir
loooooooooook up-> parent: 1, name: file -
-	-orzbwerkcilnguiwwgbphhwjqupumiyuzxkplega-1260-85, found: 0, ino_out: -820989888
fuseserver_lookup-> parent: 1, name: file -
-	-orzbwerkcilnguiwwgbphhwjqupumiyuzxkplega-1260-85, result: 0
   unique: 4, error: -2 (No such file or directory), outsize: 16
